2023-05-09T13:09:19.502-03:00  INFO 18886 --- [restartedMain] c.e.e.EmployeemanagerApplication         : Starting EmployeemanagerApplication using Java 20.0.1 with PID 18886 (/home/mariana/Documents/employeemanagement/backend/employeemanager/target/classes started by mariana in /home/mariana/Documents/employeemanagement/backend/employeemanager)
2023-05-09T13:09:19.511-03:00  INFO 18886 --- [restartedMain] c.e.e.EmployeemanagerApplication         : No active profile set, falling back to 1 default profile: "default"
2023-05-09T13:09:19.599-03:00  INFO 18886 --- [restartedMain] .e.DevToolsPropertyDefaultsPostProcessor : Devtools property defaults active! Set 'spring.devtools.add-properties' to 'false' to disable
2023-05-09T13:09:19.599-03:00  INFO 18886 --- [restartedMain] .e.DevToolsPropertyDefaultsPostProcessor : For additional web related logging consider setting the 'logging.level.web' property to 'DEBUG'
2023-05-09T13:09:20.343-03:00  INFO 18886 --- [restartedMain] .s.d.r.c.RepositoryConfigurationDelegate : Bootstrapping Spring Data JPA repositories in DEFAULT mode.
2023-05-09T13:09:20.382-03:00  INFO 18886 --- [restartedMain] .s.d.r.c.RepositoryConfigurationDelegate : Finished Spring Data repository scanning in 34 ms. Found 1 JPA repository interfaces.
2023-05-09T13:09:20.848-03:00  INFO 18886 --- [restartedMain] o.s.b.w.embedded.tomcat.TomcatWebServer  : Tomcat initialized with port(s): 8080 (http)
2023-05-09T13:09:20.856-03:00  INFO 18886 --- [restartedMain] o.apache.catalina.core.StandardService   : Starting service [Tomcat]
2023-05-09T13:09:20.857-03:00  INFO 18886 --- [restartedMain] o.apache.catalina.core.StandardEngine    : Starting Servlet engine: [Apache Tomcat/10.1.8]
2023-05-09T13:09:20.889-03:00  INFO 18886 --- [restartedMain] o.a.c.c.C.[Tomcat].[localhost].[/]       : Initializing Spring embedded WebApplicationContext
2023-05-09T13:09:20.889-03:00  INFO 18886 --- [restartedMain] w.s.c.ServletWebServerApplicationContext : Root WebApplicationContext: initialization completed in 1289 ms
2023-05-09T13:09:21.102-03:00  INFO 18886 --- [restartedMain] o.hibernate.jpa.internal.util.LogHelper  : HHH000204: Processing PersistenceUnitInfo [name: default]
2023-05-09T13:09:21.130-03:00  INFO 18886 --- [restartedMain] org.hibernate.Version                    : HHH000412: Hibernate ORM core version 6.1.7.Final
2023-05-09T13:09:21.299-03:00  INFO 18886 --- [restartedMain] com.zaxxer.hikari.HikariDataSource       : HikariPool-1 - Starting...
2023-05-09T13:09:21.406-03:00  INFO 18886 --- [restartedMain] com.zaxxer.hikari.pool.HikariPool        : HikariPool-1 - Added connection com.mysql.cj.jdbc.ConnectionImpl@3f0830b2
2023-05-09T13:09:21.408-03:00  INFO 18886 --- [restartedMain] com.zaxxer.hikari.HikariDataSource       : HikariPool-1 - Start completed.
2023-05-09T13:09:21.448-03:00  INFO 18886 --- [restartedMain] SQL dialect                              : HHH000400: Using dialect: org.hibernate.dialect.MySQLDialect
2023-05-09T13:09:21.908-03:00  INFO 18886 --- [restartedMain] o.h.e.t.j.p.i.JtaPlatformInitiator       : HHH000490: Using JtaPlatform implementation: [org.hibernate.engine.transaction.jta.platform.internal.NoJtaPlatform]
2023-05-09T13:09:21.913-03:00  INFO 18886 --- [restartedMain] j.LocalContainerEntityManagerFactoryBean : Initialized JPA EntityManagerFactory for persistence unit 'default'
2023-05-09T13:09:22.175-03:00  WARN 18886 --- [restartedMain] JpaBaseConfiguration$JpaWebConfiguration : spring.jpa.open-in-view is enabled by default. Therefore, database queries may be performed during view rendering. Explicitly configure spring.jpa.open-in-view to disable this warning
2023-05-09T13:09:22.700-03:00  INFO 18886 --- [restartedMain] o.s.b.d.a.OptionalLiveReloadServer       : LiveReload server is running on port 35729
2023-05-09T13:09:22.708-03:00  INFO 18886 --- [restartedMain] o.s.b.a.e.web.EndpointLinksResolver      : Exposing 14 endpoint(s) beneath base path '/actuator'
2023-05-09T13:09:22.800-03:00  INFO 18886 --- [restartedMain] o.s.b.w.embedded.tomcat.TomcatWebServer  : Tomcat started on port(s): 8080 (http) with context path ''
2023-05-09T13:09:22.818-03:00  INFO 18886 --- [restartedMain] c.e.e.EmployeemanagerApplication         : Started EmployeemanagerApplication in 3.746 seconds (process running for 4.205)
2023-05-09T13:09:22.923-03:00  INFO 18886 --- [restartedMain] c.e.e.EmployeemanagerApplication         : Application started successfully
